<?xml version="1.0" encoding="UTF-8"?>
<!-- Generated by org.testng.reporters.JUnitXMLReporter -->
<testsuite ignored="3" hostname="LAPTOP-TFCAN6I9" failures="0" tests="1" name="Default test" time="2.927" errors="0" timestamp="2022-05-29T13:03:28 IST">
  <testcase classname="Files.restAssuredClass" name="putRequest" time="2.881"/>
  <testcase classname="Files.restAssuredClass" name="postRequest" time="0.0">
    <ignored/>
  </testcase> <!-- postRequest -->
  <testcase classname="Files.restAssuredClass" name="getRequestTest1" time="0.0">
    <ignored/>
  </testcase> <!-- getRequestTest1 -->
  <testcase classname="Files.restAssuredClass" name="getRequestTest2" time="0.0">
    <ignored/>
  </testcase> <!-- getRequestTest2 -->
</testsuite> <!-- Default test -->
