<?xml version="1.0" encoding="UTF-8"?>
<testng-results ignored="3" total="4" passed="1" failed="0" skipped="0">
  <reporter-output>
  </reporter-output>
  <suite started-at="2022-05-29T13:03:25 IST" name="Default suite" finished-at="2022-05-29T13:03:28 IST" duration-ms="2927">
    <groups>
    </groups>
    <test started-at="2022-05-29T13:03:25 IST" name="Default test" finished-at="2022-05-29T13:03:28 IST" duration-ms="2927">
      <class name="Files.restAssuredClass">
        <test-method signature="putRequest()[pri:0, instance:Files.restAssuredClass@2dde1bff]" started-at="2022-05-29T13:03:25 IST" name="putRequest" finished-at="2022-05-29T13:03:28 IST" duration-ms="2881" status="PASS">
          <reporter-output>
          </reporter-output>
        </test-method> <!-- putRequest -->
      </class> <!-- Files.restAssuredClass -->
    </test> <!-- Default test -->
  </suite> <!-- Default suite -->
</testng-results>
